<?xml version="1.0" encoding="utf-8"?>
<TestRun id="6bb079fa-a38f-4ea6-962c-0b5d0cfe9d5f" name="JamesChurcher@DESKTOP-J313TKJ 2024-02-15 12:03:39" runUser="AzureAD\JamesChurcher" xmlns="http://microsoft.com/schemas/VisualStudio/TeamTest/2010">
  <Times creation="2024-02-15T12:03:39.5756333+00:00" queuing="2024-02-15T12:03:39.5756337+00:00" start="2024-02-15T12:03:38.7532166+00:00" finish="2024-02-15T12:03:39.5758533+00:00" />
  <TestSettings name="default" id="acfba7c0-558a-4af6-94de-ada7031583ea">
    <Deployment runDeploymentRoot="JamesChurcher_DESKTOP-J313TKJ_2024-02-15_12_03_39" />
  </TestSettings>
  <TestLists>
    <TestList name="Results Not in a List" id="8c84fa94-04c1-424b-9868-57a2d4851a1d" />
    <TestList name="All Loaded Results" id="19431567-8539-422a-85d7-44ee4e166bda" />
  </TestLists>
  <ResultSummary outcome="Completed">
    <Counters total="0" executed="0" passed="0" failed="0" error="0" timeout="0" aborted="0" inconclusive="0" passedButRunAborted="0" notRunnable="0" notExecuted="0" disconnected="0" warning="0" completed="0" inProgress="0" pending="0" />
    <Output>
      <StdOut>NUnit Adapter 4.5.0.0: Test execution started&#xD;
Running selected tests in C:\Users\JamesChurcher\source\repos\uk.co.edgewords.nfocus6.webdriverdemo\uk.co.edgewords.nfocus6.webdriverdemo\bin\Debug\net6.0\uk.co.edgewords.nfocus6.webdriverdemo.dll&#xD;
   NUnit3TestExecutor discovered 0 of 0 NUnit test cases using Current Discovery mode, Explicit run&#xD;
NUnit Adapter 4.5.0.0: Test execution complete&#xD;
</StdOut>
    </Output>
    <RunInfos>
      <RunInfo computerName="DESKTOP-J313TKJ" outcome="Warning" timestamp="2024-02-15T12:03:39.4814091+00:00">
        <Text>No test matches the given testcase filter `TestCategory=Smoke` in C:\Users\JamesChurcher\source\repos\uk.co.edgewords.nfocus6.webdriverdemo\uk.co.edgewords.nfocus6.webdriverdemo\bin\Debug\net6.0\uk.co.edgewords.nfocus6.webdriverdemo.dll</Text>
      </RunInfo>
    </RunInfos>
  </ResultSummary>
</TestRun>